<?xml version="1.0" encoding="UTF-8"?>
<testsuite xmlns:xsi="http://www.w3.org/2001/XMLSchema-instance" xsi:noNamespaceSchemaLocation="https://maven.apache.org/surefire/maven-surefire-plugin/xsd/surefire-test-report.xsd" version="3.0.2" name="com.example.demo.DemoApplicationTests" time="3.323" tests="9" errors="0" skipped="0" failures="0">
  <properties>
[...]
</properties>
  <testcase name="updateStudent_notFound" classname="com.example.demo.DemoApplicationTests" time="0.252">
    <system-out><![CDATA[12:39:03.062 [main] INFO org.springframework.test.context.support.AnnotationConfigContextLoaderUtils -- Could not detect default configuration classes for test class [com.example.demo.DemoApplicationTests]: DemoApplicationTests does not declare any static, non-private, non-final, nested classes annotated with @Configuration.
12:39:03.227 [main] INFO org.springframework.boot.test.context.SpringBootTestContextBootstrapper -- Found @SpringBootConfiguration com.example.demo.DemoApplication for test class com.example.demo.DemoApplicationTests

  .   ____          _            __ _ _
 /\\ / ___'_ __ _ _(_)_ __  __ _ \ \ \ \
( ( )\___ | '_ | '_| | '_ \/ _` | \ \ \ \
 \\/  ___)| |_)| | | | | || (_| |  ) ) ) )
  '  |____| .__|_| |_|_| |_\__, | / / / /
 =========|_|==============|___/=/_/_/_/

 :: Spring Boot ::                (v3.5.4)

2025-08-23T12:39:03.781+05:30  INFO 17908 --- [           main] com.example.demo.DemoApplicationTests    : Starting DemoApplicationTests using Java 17.0.11 with PID 17908 (started by vaish in C:\testing\demo)
2025-08-23T12:39:03.782+05:30  INFO 17908 --- [           main] com.example.demo.DemoApplicationTests    : No active profile set, falling back to 1 default profile: "default"
2025-08-23T12:39:05.726+05:30  INFO 17908 --- [           main] o.s.b.t.m.w.SpringBootMockServletContext : Initializing Spring TestDispatcherServlet ''
2025-08-23T12:39:05.726+05:30  INFO 17908 --- [           main] o.s.t.web.servlet.TestDispatcherServlet  : Initializing Servlet ''
2025-08-23T12:39:05.726+05:30  INFO 17908 --- [           main] o.s.t.web.servlet.TestDispatcherServlet  : Completed initialization in 0 ms
2025-08-23T12:39:05.781+05:30  INFO 17908 --- [           main] com.example.demo.DemoApplicationTests    : Started DemoApplicationTests in 2.352 seconds (process running for 3.39)
]]></system-out>
  </testcase>
  <testcase name="getStudentById_found" classname="com.example.demo.DemoApplicationTests" time="0.073">
    <system-out><![CDATA[Optional[Student [id=0, title=Title, desc=Desc, published=true].................]
]]></system-out>
  </testcase>
  <testcase name="findByPublished_ok" classname="com.example.demo.DemoApplicationTests" time="0.013"/>
  <testcase name="deleteAllStudents_ok" classname="com.example.demo.DemoApplicationTests" time="0.022"/>
  <testcase name="getAllStudents_ok" classname="com.example.demo.DemoApplicationTests" time="0.018"/>
  <testcase name="createStudent_created" classname="com.example.demo.DemoApplicationTests" time="0.015"/>
  <testcase name="getAllStudentsByTitle_ok" classname="com.example.demo.DemoApplicationTests" time="0.0"/>
  <testcase name="deleteStudent_ok" classname="com.example.demo.DemoApplicationTests" time="0.004"/>
  <testcase name="updateStudent_ok" classname="com.example.demo.DemoApplicationTests" time="0.005"/>
</testsuite>